<?xml version="1.0" encoding="UTF-8"?>
<testsuite xmlns:xsi="http://www.w3.org/2001/XMLSchema-instance" xsi:noNamespaceSchemaLocation="https://maven.apache.org/surefire/maven-surefire-plugin/xsd/surefire-test-report-3.0.xsd" version="3.0" name="com.linkedin.LinkedinApplicationsApplicationTests" time="6.473" tests="1" errors="0" skipped="0" failures="0">
  <properties>
[...]
</properties>
  <testcase name="contextLoads" classname="com.linkedin.LinkedinApplicationsApplicationTests" time="1.259">
    <system-out><![CDATA[20:43:11.508 [main] INFO org.springframework.test.context.support.AnnotationConfigContextLoaderUtils -- Could not detect default configuration classes for test class [com.linkedin.LinkedinApplicationsApplicationTests]: LinkedinApplicationsApplicationTests does not declare any static, non-private, non-final, nested classes annotated with @Configuration.
20:43:11.648 [main] INFO org.springframework.boot.test.context.SpringBootTestContextBootstrapper -- Found @SpringBootConfiguration com.linkedin.LinkedinApplicationsApplication for test class com.linkedin.LinkedinApplicationsApplicationTests

  .   ____          _            __ _ _
 /\\ / ___'_ __ _ _(_)_ __  __ _ \ \ \ \
( ( )\___ | '_ | '_| | '_ \/ _` | \ \ \ \
 \\/  ___)| |_)| | | | | || (_| |  ) ) ) )
  '  |____| .__|_| |_|_| |_\__, | / / / /
 =========|_|==============|___/=/_/_/_/
 :: Spring Boot ::                (v3.2.5)

2024-05-21T20:43:12.271-04:00  INFO 14204 --- [Linkedin_Applications] [           main] c.l.LinkedinApplicationsApplicationTests : Starting LinkedinApplicationsApplicationTests using Java 17.0.10 with PID 14204 (started by benbr in C:\Users\benbr\eclipse-workspace\Linkedin_Applications_1)
2024-05-21T20:43:12.273-04:00  INFO 14204 --- [Linkedin_Applications] [           main] c.l.LinkedinApplicationsApplicationTests : No active profile set, falling back to 1 default profile: "default"
2024-05-21T20:43:15.210-04:00  WARN 14204 --- [Linkedin_Applications] [           main] o.o.selenium.devtools.CdpVersionFinder   : Unable to find CDP implementation matching 124
2024-05-21T20:43:15.211-04:00  WARN 14204 --- [Linkedin_Applications] [           main] o.o.selenium.chromium.ChromiumDriver     : Unable to find version of CDP to use for 124.0.6367.208. You may need to include a dependency on a specific version of the CDP using something similar to `org.seleniumhq.selenium:selenium-devtools-v86:4.14.1` where the version ("v86") matches the version of the chromium-based browser you're using and the version number of the artifact is the same as Selenium's.
2024-05-21T20:43:15.713-04:00  INFO 14204 --- [Linkedin_Applications] [           main] c.l.LinkedinApplicationsApplicationTests : Started LinkedinApplicationsApplicationTests in 3.773 seconds (process running for 5.207)
2024-05-21T20:43:16.472-04:00  INFO 14204 --- [Linkedin_Applications] [           main] c.linkedin.email.EmailApplicationImpl    : E-mail envoyé avec succès !
E-mail envoyé avec succès !
]]></system-out>
  </testcase>
</testsuite>